2015-10-27 11:16:45 - PHP Warning:  sprintf() [<a href='function.sprintf'>function.sprintf</a>]: Too few arguments in /var/www/developer/data/www/t-leader.ru/alex/demo2101/catalog/controller/checkout/success.php on line 72
2015-10-27 11:21:12 - PHP Warning:  sprintf() [<a href='function.sprintf'>function.sprintf</a>]: Too few arguments in /var/www/developer/data/www/t-leader.ru/alex/demo2101/catalog/controller/checkout/success.php on line 72
2015-10-27 11:23:59 - PHP Notice:  Indirect modification of overloaded property ControllerCheckoutSuccess::$data has no effect in /var/www/developer/data/www/t-leader.ru/alex/demo2101/catalog/controller/checkout/success.php on line 72
2015-10-27 11:23:59 - PHP Notice:  Undefined variable: text_message in /var/www/developer/data/www/t-leader.ru/alex/demo2101/catalog/view/theme/default/template/common/success.tpl on line 18
2015-10-27 11:24:04 - PHP Notice:  Indirect modification of overloaded property ControllerCheckoutSuccess::$data has no effect in /var/www/developer/data/www/t-leader.ru/alex/demo2101/catalog/controller/checkout/success.php on line 72
2015-10-27 11:24:04 - PHP Notice:  Undefined variable: text_message in /var/www/developer/data/www/t-leader.ru/alex/demo2101/catalog/view/theme/default/template/common/success.tpl on line 18
2015-10-27 11:24:14 - PHP Warning:  sprintf() [<a href='function.sprintf'>function.sprintf</a>]: Too few arguments in /var/www/developer/data/www/t-leader.ru/alex/demo2101/catalog/controller/checkout/success.php on line 72
2015-10-27 11:27:21 - PHP Warning:  sprintf() [<a href='function.sprintf'>function.sprintf</a>]: Too few arguments in /var/www/developer/data/www/t-leader.ru/alex/demo2101/catalog/controller/checkout/success.php on line 72
2015-10-27 12:15:02 - PHP Warning:  sprintf() [<a href='function.sprintf'>function.sprintf</a>]: Too few arguments in /var/www/developer/data/www/t-leader.ru/alex/demo2101/catalog/controller/checkout/success.php on line 72
2015-10-27 12:21:08 - PHP Warning:  sprintf() [<a href='function.sprintf'>function.sprintf</a>]: Too few arguments in /var/www/developer/data/www/t-leader.ru/alex/demo2101/catalog/controller/checkout/success.php on line 72
2015-10-27 12:21:11 - PHP Warning:  sprintf() [<a href='function.sprintf'>function.sprintf</a>]: Too few arguments in /var/www/developer/data/www/t-leader.ru/alex/demo2101/catalog/controller/checkout/success.php on line 72
2015-10-27 12:22:02 - PHP Warning:  sprintf() [<a href='function.sprintf'>function.sprintf</a>]: Too few arguments in /var/www/developer/data/www/t-leader.ru/alex/demo2101/catalog/controller/checkout/success.php on line 72
2015-10-27 12:23:03 - PHP Notice:  Undefined variable: text_message in /var/www/developer/data/www/t-leader.ru/alex/demo2101/catalog/view/theme/default/template/common/success.tpl on line 18
2015-10-27 12:25:11 - PHP Notice:  Undefined variable: text_message in /var/www/developer/data/www/t-leader.ru/alex/demo2101/catalog/view/theme/default/template/common/success.tpl on line 18
2015-10-27 12:25:30 - PHP Notice:  Undefined variable: text_message in /var/www/developer/data/www/t-leader.ru/alex/demo2101/catalog/view/theme/default/template/common/success.tpl on line 18
2015-10-27 12:26:14 - PHP Notice:  Use of undefined constant php - assumed 'php' in /var/www/developer/data/www/t-leader.ru/alex/demo2101/catalog/view/theme/default/template/common/success.tpl on line 18
2015-10-27 12:28:45 - PHP Warning:  sprintf() [<a href='function.sprintf'>function.sprintf</a>]: Too few arguments in /var/www/developer/data/www/t-leader.ru/alex/demo2101/catalog/controller/account/success.php on line 32
2016-06-28 16:57:07 - PHP Warning:  mail(): Failed to connect to mailserver at &quot;localhost&quot; port 25, verify your &quot;SMTP&quot; and &quot;smtp_port&quot; setting in php.ini or use ini_set() in D:\xampp\htdocs\opencart\system\library\mail.php on line 164
2016-06-28 16:59:17 - PHP Warning:  mail(): Failed to connect to mailserver at &quot;localhost&quot; port 25, verify your &quot;SMTP&quot; and &quot;smtp_port&quot; setting in php.ini or use ini_set() in D:\xampp\htdocs\opencart\system\library\mail.php on line 164
2016-06-28 17:01:18 - PHP Warning:  mail(): Failed to connect to mailserver at &quot;localhost&quot; port 25, verify your &quot;SMTP&quot; and &quot;smtp_port&quot; setting in php.ini or use ini_set() in D:\xampp\htdocs\opencart\system\library\mail.php on line 164
2016-06-29 19:03:11 - PHP Warning:  mail(): Failed to connect to mailserver at &quot;localhost&quot; port 25, verify your &quot;SMTP&quot; and &quot;smtp_port&quot; setting in php.ini or use ini_set() in D:\xampp\htdocs\opencart\system\library\mail.php on line 164
2016-06-29 19:42:41 - PHP Notice:  Undefined index: latest in D:\xampp\htdocs\opencart\catalog\view\theme\default\template\module\featured.tpl on line 25
2016-06-29 19:42:41 - PHP Notice:  Undefined index: latest in D:\xampp\htdocs\opencart\catalog\view\theme\default\template\module\featured.tpl on line 25
2016-06-29 19:55:41 - PHP Warning:  Invalid argument supplied for foreach() in D:\xampp\htdocs\opencart\admin\controller\module\featured.php on line 124
2016-06-29 19:57:19 - PHP Warning:  Invalid argument supplied for foreach() in D:\xampp\htdocs\opencart\admin\controller\module\featured.php on line 124
2016-06-29 19:57:43 - PHP Warning:  Invalid argument supplied for foreach() in D:\xampp\htdocs\opencart\admin\controller\module\featured.php on line 124
2016-06-29 20:23:55 - PHP Notice:  Undefined variable: class in D:\xampp\htdocs\opencart\catalog\view\theme\default\template\common\home.tpl on line 76
2016-06-29 20:27:09 - PHP Warning:  mail(): Failed to connect to mailserver at &quot;localhost&quot; port 25, verify your &quot;SMTP&quot; and &quot;smtp_port&quot; setting in php.ini or use ini_set() in D:\xampp\htdocs\opencart\system\library\mail.php on line 164
2016-07-04 10:27:47 - PHP Warning:  mail(): Failed to connect to mailserver at &quot;localhost&quot; port 25, verify your &quot;SMTP&quot; and &quot;smtp_port&quot; setting in php.ini or use ini_set() in D:\xampp\htdocs\opencart\system\library\mail.php on line 164
2016-07-04 10:29:11 - PHP Warning:  mail(): Failed to connect to mailserver at &quot;localhost&quot; port 25, verify your &quot;SMTP&quot; and &quot;smtp_port&quot; setting in php.ini or use ini_set() in D:\xampp\htdocs\opencart\system\library\mail.php on line 164
2016-07-04 10:39:48 - PHP Warning:  mail(): Failed to connect to mailserver at &quot;localhost&quot; port 25, verify your &quot;SMTP&quot; and &quot;smtp_port&quot; setting in php.ini or use ini_set() in D:\xampp\htdocs\opencart\system\library\mail.php on line 164
2016-07-04 11:14:34 - PHP Warning:  mail(): Failed to connect to mailserver at &quot;localhost&quot; port 25, verify your &quot;SMTP&quot; and &quot;smtp_port&quot; setting in php.ini or use ini_set() in D:\xampp\htdocs\opencart\system\library\mail.php on line 164
2016-07-04 11:46:24 - PHP Warning:  mail(): Failed to connect to mailserver at &quot;localhost&quot; port 25, verify your &quot;SMTP&quot; and &quot;smtp_port&quot; setting in php.ini or use ini_set() in D:\xampp\htdocs\opencart\system\library\mail.php on line 164
2016-07-04 11:49:27 - PHP Warning:  mail(): Failed to connect to mailserver at &quot;localhost&quot; port 25, verify your &quot;SMTP&quot; and &quot;smtp_port&quot; setting in php.ini or use ini_set() in D:\xampp\htdocs\opencart\system\library\mail.php on line 164
2016-07-04 12:45:22 - PHP Warning:  mail(): Failed to connect to mailserver at &quot;localhost&quot; port 25, verify your &quot;SMTP&quot; and &quot;smtp_port&quot; setting in php.ini or use ini_set() in D:\xampp\htdocs\opencart\system\library\mail.php on line 164
2016-07-05 6:06:46 - PHP Warning:  mail(): Failed to connect to mailserver at &quot;localhost&quot; port 25, verify your &quot;SMTP&quot; and &quot;smtp_port&quot; setting in php.ini or use ini_set() in D:\xampp\htdocs\opencart\system\library\mail.php on line 164
2016-07-05 8:07:59 - PHP Notice:  Undefined variable: cart in D:\xampp\htdocs\opencart\catalog\view\theme\default\template\common\datesdecor.tpl on line 21
2016-07-05 8:09:20 - PHP Notice:  Undefined variable: cart in D:\xampp\htdocs\opencart\catalog\view\theme\default\template\common\datesdecor.tpl on line 21
2016-07-05 8:09:33 - PHP Notice:  Undefined variable: cart in D:\xampp\htdocs\opencart\catalog\view\theme\default\template\common\datesdecor.tpl on line 21
2016-07-05 8:10:25 - PHP Notice:  Undefined variable: cart in D:\xampp\htdocs\opencart\catalog\view\theme\default\template\common\datesdecor.tpl on line 21
2016-07-05 8:12:09 - PHP Notice:  Undefined variable: cart in D:\xampp\htdocs\opencart\catalog\view\theme\default\template\common\datesdecor.tpl on line 21
2016-07-05 8:12:52 - PHP Notice:  Undefined variable: cart in D:\xampp\htdocs\opencart\catalog\view\theme\default\template\common\datesdecor.tpl on line 22
2016-07-05 8:15:52 - PHP Notice:  Undefined variable: cart in D:\xampp\htdocs\opencart\catalog\view\theme\default\template\common\datesdecor.tpl on line 22
2016-07-05 8:18:01 - PHP Notice:  Undefined variable: cart in D:\xampp\htdocs\opencart\catalog\view\theme\default\template\common\datesdecor.tpl on line 12
2016-07-05 8:18:22 - PHP Notice:  Undefined variable: cart in D:\xampp\htdocs\opencart\catalog\view\theme\default\template\common\datesdecor.tpl on line 22
2016-07-05 8:19:00 - PHP Notice:  Undefined variable: cart in D:\xampp\htdocs\opencart\catalog\view\theme\default\template\common\datesdecor.tpl on line 22
2016-07-05 8:19:06 - PHP Notice:  Undefined variable: cart in D:\xampp\htdocs\opencart\catalog\view\theme\default\template\common\datesdecor.tpl on line 22
2016-07-05 8:20:00 - PHP Notice:  Undefined variable: cart in D:\xampp\htdocs\opencart\catalog\view\theme\default\template\common\datesdecor.tpl on line 20
2016-07-05 8:20:56 - PHP Notice:  Undefined variable: cart in D:\xampp\htdocs\opencart\catalog\view\theme\default\template\common\datesdecor.tpl on line 17
2016-07-05 8:20:56 - PHP Notice:  Undefined variable: cart in D:\xampp\htdocs\opencart\catalog\view\theme\default\template\common\datesdecor.tpl on line 28
2016-07-05 8:21:05 - PHP Notice:  Undefined variable: cart in D:\xampp\htdocs\opencart\catalog\view\theme\default\template\common\datesdecor.tpl on line 21
2016-07-05 8:21:17 - PHP Notice:  Undefined variable: cart in D:\xampp\htdocs\opencart\catalog\view\theme\default\template\common\datesdecor.tpl on line 21
2016-07-05 8:22:04 - PHP Notice:  Undefined variable: cart in D:\xampp\htdocs\opencart\catalog\view\theme\default\template\common\datesdecor.tpl on line 21
2016-07-05 8:22:15 - PHP Notice:  Undefined variable: cart in D:\xampp\htdocs\opencart\catalog\view\theme\default\template\common\datesdecor.tpl on line 21
2016-07-05 8:22:27 - PHP Notice:  Undefined variable: cart in D:\xampp\htdocs\opencart\catalog\view\theme\default\template\common\datesdecor.tpl on line 21
2016-07-05 8:22:32 - PHP Notice:  Undefined variable: cart in D:\xampp\htdocs\opencart\catalog\view\theme\default\template\common\datesdecor.tpl on line 21
2016-07-05 8:22:49 - PHP Notice:  Undefined variable: cart in D:\xampp\htdocs\opencart\catalog\view\theme\default\template\common\datesdecor.tpl on line 16
2016-07-05 8:23:30 - PHP Notice:  Undefined variable: cart in D:\xampp\htdocs\opencart\catalog\view\theme\default\template\common\datesdecor.tpl on line 16
2016-07-05 8:24:02 - PHP Notice:  Undefined variable: cart in D:\xampp\htdocs\opencart\catalog\view\theme\default\template\common\datesdecor.tpl on line 16
2016-07-05 8:24:49 - PHP Notice:  Undefined variable: cart in D:\xampp\htdocs\opencart\catalog\view\theme\default\template\common\datesdecor.tpl on line 16
2016-07-05 8:25:39 - PHP Notice:  Undefined variable: cart in D:\xampp\htdocs\opencart\catalog\view\theme\default\template\common\datesdecor.tpl on line 16
2016-07-05 8:25:50 - PHP Notice:  Undefined variable: cart in D:\xampp\htdocs\opencart\catalog\view\theme\default\template\common\datesdecor.tpl on line 16
2016-07-05 8:26:05 - PHP Notice:  Undefined variable: cart in D:\xampp\htdocs\opencart\catalog\view\theme\default\template\common\datesdecor.tpl on line 16
2016-07-05 8:26:25 - PHP Notice:  Undefined variable: cart in D:\xampp\htdocs\opencart\catalog\view\theme\default\template\common\datesdecor.tpl on line 16
2016-07-05 8:26:32 - PHP Notice:  Undefined variable: cart in D:\xampp\htdocs\opencart\catalog\view\theme\default\template\common\datesdecor.tpl on line 16
2016-07-05 8:28:24 - PHP Notice:  Undefined variable: cart in D:\xampp\htdocs\opencart\catalog\view\theme\default\template\common\datesdecor.tpl on line 16
2016-07-05 8:28:39 - PHP Notice:  Undefined variable: cart in D:\xampp\htdocs\opencart\catalog\view\theme\default\template\common\datesdecor.tpl on line 16
2016-07-05 8:28:50 - PHP Notice:  Undefined variable: cart in D:\xampp\htdocs\opencart\catalog\view\theme\default\template\common\datesdecor.tpl on line 16
2016-07-05 8:29:50 - PHP Notice:  Undefined variable: cart in D:\xampp\htdocs\opencart\catalog\view\theme\default\template\common\datesdecor.tpl on line 16
2016-07-05 8:32:05 - PHP Notice:  Undefined variable: cart in D:\xampp\htdocs\opencart\catalog\view\theme\default\template\common\datesdecor.tpl on line 16
2016-07-05 8:32:18 - PHP Notice:  Undefined variable: cart in D:\xampp\htdocs\opencart\catalog\view\theme\default\template\common\datesdecor.tpl on line 16
2016-07-05 8:32:49 - PHP Notice:  Undefined variable: cart in D:\xampp\htdocs\opencart\catalog\view\theme\default\template\common\datesdecor.tpl on line 16
2016-07-05 8:32:54 - PHP Notice:  Undefined variable: cart in D:\xampp\htdocs\opencart\catalog\view\theme\default\template\common\datesdecor.tpl on line 16
2016-07-05 8:34:06 - PHP Notice:  Undefined variable: cart in D:\xampp\htdocs\opencart\catalog\view\theme\default\template\common\datesdecor.tpl on line 16
2016-07-05 8:34:14 - PHP Notice:  Undefined variable: cart in D:\xampp\htdocs\opencart\catalog\view\theme\default\template\common\datesdecor.tpl on line 16
2016-07-05 8:34:23 - PHP Notice:  Undefined variable: cart in D:\xampp\htdocs\opencart\catalog\view\theme\default\template\common\datesdecor.tpl on line 16
2016-07-05 8:35:42 - PHP Notice:  Undefined variable: cart in D:\xampp\htdocs\opencart\catalog\view\theme\default\template\common\datesdecor.tpl on line 16
2016-07-05 8:35:46 - PHP Notice:  Undefined variable: cart in D:\xampp\htdocs\opencart\catalog\view\theme\default\template\common\datesdecor.tpl on line 16
2016-07-05 8:36:15 - PHP Notice:  Undefined variable: cart in D:\xampp\htdocs\opencart\catalog\view\theme\default\template\common\datesdecor.tpl on line 16
2016-07-05 8:36:36 - PHP Notice:  Undefined variable: cart in D:\xampp\htdocs\opencart\catalog\view\theme\default\template\common\datesdecor.tpl on line 16
2016-07-05 8:36:43 - PHP Notice:  Undefined variable: cart in D:\xampp\htdocs\opencart\catalog\view\theme\default\template\common\datesdecor.tpl on line 16
2016-07-05 8:36:46 - PHP Notice:  Undefined variable: cart in D:\xampp\htdocs\opencart\catalog\view\theme\default\template\common\datesdecor.tpl on line 16
2016-07-05 8:36:51 - PHP Notice:  Undefined variable: cart in D:\xampp\htdocs\opencart\catalog\view\theme\default\template\common\datesdecor.tpl on line 16
2016-07-05 8:37:32 - PHP Notice:  Undefined variable: cart in D:\xampp\htdocs\opencart\catalog\view\theme\default\template\common\datesdecor.tpl on line 16
2016-07-05 8:37:38 - PHP Notice:  Undefined variable: cart in D:\xampp\htdocs\opencart\catalog\view\theme\default\template\common\datesdecor.tpl on line 16
2016-07-05 8:40:42 - PHP Notice:  Undefined variable: cart in D:\xampp\htdocs\opencart\catalog\view\theme\default\template\common\datesdecor.tpl on line 16
2016-07-05 8:40:45 - PHP Notice:  Undefined variable: cart in D:\xampp\htdocs\opencart\catalog\view\theme\default\template\common\datesdecor.tpl on line 16
2016-07-05 8:43:10 - PHP Notice:  Undefined variable: cart in D:\xampp\htdocs\opencart\catalog\view\theme\default\template\common\datesdecor.tpl on line 16
2016-07-05 8:43:13 - PHP Notice:  Undefined variable: cart in D:\xampp\htdocs\opencart\catalog\view\theme\default\template\common\datesdecor.tpl on line 16
2016-07-05 8:44:45 - PHP Notice:  Undefined variable: cart in D:\xampp\htdocs\opencart\catalog\view\theme\default\template\common\datesdecor.tpl on line 16
2016-07-05 8:45:43 - PHP Notice:  Undefined variable: cart in D:\xampp\htdocs\opencart\catalog\view\theme\default\template\common\datesdecor.tpl on line 16
2016-07-05 8:45:51 - PHP Notice:  Undefined variable: cart in D:\xampp\htdocs\opencart\catalog\view\theme\default\template\common\datesdecor.tpl on line 16
2016-07-05 8:49:38 - PHP Warning:  mail(): Failed to connect to mailserver at &quot;localhost&quot; port 25, verify your &quot;SMTP&quot; and &quot;smtp_port&quot; setting in php.ini or use ini_set() in D:\xampp\htdocs\opencart\system\library\mail.php on line 164
2016-07-05 8:50:12 - PHP Notice:  Undefined variable: cart in D:\xampp\htdocs\opencart\catalog\view\theme\default\template\common\datesdecor.tpl on line 16
2016-07-05 9:45:45 - PHP Notice:  Undefined variable: cart in D:\xampp\htdocs\opencart\catalog\view\theme\default\template\common\datesdecor.tpl on line 16
2016-07-05 10:33:36 - PHP Notice:  Undefined variable: cart in D:\xampp\htdocs\opencart\catalog\view\theme\default\template\common\datesdecor.tpl on line 16
2016-07-05 10:36:40 - PHP Notice:  Undefined variable: cart in D:\xampp\htdocs\opencart\catalog\view\theme\default\template\common\datesdecor.tpl on line 16
2016-07-05 10:37:31 - PHP Warning:  mail(): Failed to connect to mailserver at &quot;localhost&quot; port 25, verify your &quot;SMTP&quot; and &quot;smtp_port&quot; setting in php.ini or use ini_set() in D:\xampp\htdocs\opencart\system\library\mail.php on line 164
2016-07-05 10:40:47 - PHP Notice:  Undefined variable: cart in D:\xampp\htdocs\opencart\catalog\view\theme\default\template\common\datesdecor.tpl on line 16
2016-07-05 10:42:09 - PHP Notice:  Undefined variable: cart in D:\xampp\htdocs\opencart\catalog\view\theme\default\template\common\datesdecor.tpl on line 16
2016-07-05 11:35:04 - PHP Warning:  mail(): Failed to connect to mailserver at &quot;localhost&quot; port 25, verify your &quot;SMTP&quot; and &quot;smtp_port&quot; setting in php.ini or use ini_set() in D:\xampp\htdocs\opencart\system\library\mail.php on line 164
2016-07-05 12:15:19 - PHP Notice:  Undefined variable: cart in D:\xampp\htdocs\opencart\catalog\view\theme\default\template\common\datesdecor.tpl on line 16
2016-07-05 13:24:01 - PHP Notice:  Undefined variable: cart in D:\xampp\htdocs\opencart\catalog\view\theme\default\template\common\datesdecor.tpl on line 16
2016-07-05 13:30:27 - PHP Notice:  Undefined variable: cart in D:\xampp\htdocs\opencart\catalog\view\theme\default\template\common\datesdecor.tpl on line 16
2016-07-05 13:30:50 - PHP Notice:  Undefined variable: cart in D:\xampp\htdocs\opencart\catalog\view\theme\default\template\common\datesdecor.tpl on line 16
2016-07-05 13:46:15 - PHP Notice:  Undefined variable: cart in D:\xampp\htdocs\opencart\catalog\view\theme\default\template\common\datesdecor.tpl on line 16
2016-07-05 13:54:46 - PHP Notice:  Undefined variable: cart in D:\xampp\htdocs\opencart\catalog\view\theme\default\template\common\datesdecor.tpl on line 16
2016-07-05 13:58:55 - PHP Warning:  mail(): Failed to connect to mailserver at &quot;localhost&quot; port 25, verify your &quot;SMTP&quot; and &quot;smtp_port&quot; setting in php.ini or use ini_set() in D:\xampp\htdocs\opencart\system\library\mail.php on line 164
2016-07-07 4:44:49 - PHP Notice:  Undefined variable: cart in D:\xampp\htdocs\opencart\catalog\view\theme\default\template\common\datesdecor.tpl on line 16
2016-07-07 4:45:10 - PHP Notice:  Undefined variable: cart in D:\xampp\htdocs\opencart\catalog\view\theme\default\template\common\datesdecor.tpl on line 16
2016-07-07 5:07:14 - PHP Notice:  Undefined variable: cart in D:\xampp\htdocs\opencart\catalog\view\theme\default\template\common\datesdecor.tpl on line 16
2016-07-07 5:33:43 - PHP Notice:  Undefined variable: cart in D:\xampp\htdocs\opencart\catalog\view\theme\default\template\common\datesdecor.tpl on line 16
2016-07-07 5:46:18 - PHP Notice:  Undefined variable: cart in D:\xampp\htdocs\opencart\catalog\view\theme\default\template\common\datesdecor.tpl on line 17
2016-07-07 5:46:25 - PHP Notice:  Undefined variable: cart in D:\xampp\htdocs\opencart\catalog\view\theme\default\template\common\datesdecor.tpl on line 17
2016-07-07 5:46:58 - PHP Notice:  Undefined variable: cart in D:\xampp\htdocs\opencart\catalog\view\theme\default\template\common\datesdecor.tpl on line 17
2016-07-07 5:47:02 - PHP Notice:  Undefined variable: cart in D:\xampp\htdocs\opencart\catalog\view\theme\default\template\common\datesdecor.tpl on line 17
2016-07-07 5:47:05 - PHP Notice:  Undefined variable: cart in D:\xampp\htdocs\opencart\catalog\view\theme\default\template\common\datesdecor.tpl on line 17
2016-07-07 5:47:09 - PHP Notice:  Undefined variable: cart in D:\xampp\htdocs\opencart\catalog\view\theme\default\template\common\datesdecor.tpl on line 17
2016-07-07 5:56:05 - PHP Notice:  Undefined variable: cart in D:\xampp\htdocs\opencart\catalog\view\theme\default\template\common\datesdecor.tpl on line 17
2016-07-07 5:56:15 - PHP Notice:  Undefined variable: cart in D:\xampp\htdocs\opencart\catalog\view\theme\default\template\common\datesdecor.tpl on line 17
2016-07-07 5:56:24 - PHP Notice:  Undefined variable: cart in D:\xampp\htdocs\opencart\catalog\view\theme\default\template\common\datesdecor.tpl on line 17
2016-07-07 6:50:05 - PHP Notice:  Undefined variable: cart in D:\xampp\htdocs\opencart\catalog\view\theme\default\template\common\datesdecor.tpl on line 14
2016-07-07 7:00:53 - PHP Notice:  Undefined variable: cart in D:\xampp\htdocs\opencart\catalog\view\theme\default\template\common\datesdecor.tpl on line 14
2016-07-07 7:06:21 - PHP Warning:  mail(): Failed to connect to mailserver at &quot;localhost&quot; port 25, verify your &quot;SMTP&quot; and &quot;smtp_port&quot; setting in php.ini or use ini_set() in D:\xampp\htdocs\opencart\system\library\mail.php on line 164
2016-07-07 7:40:26 - PHP Notice:  Undefined variable: cart in D:\xampp\htdocs\opencart\catalog\view\theme\default\template\common\datesdecor.tpl on line 14
2016-07-07 8:15:47 - PHP Warning:  mail(): Failed to connect to mailserver at &quot;localhost&quot; port 25, verify your &quot;SMTP&quot; and &quot;smtp_port&quot; setting in php.ini or use ini_set() in D:\xampp\htdocs\opencart\system\library\mail.php on line 164
2016-07-07 8:15:48 - PHP Warning:  mail(): Failed to connect to mailserver at &quot;localhost&quot; port 25, verify your &quot;SMTP&quot; and &quot;smtp_port&quot; setting in php.ini or use ini_set() in D:\xampp\htdocs\opencart\system\library\mail.php on line 164
2016-07-07 8:19:12 - PHP Notice:  Undefined variable: cart in D:\xampp\htdocs\opencart\catalog\view\theme\default\template\common\datesdecor.tpl on line 14
2016-07-07 9:04:56 - PHP Warning:  mail(): Failed to connect to mailserver at &quot;localhost&quot; port 25, verify your &quot;SMTP&quot; and &quot;smtp_port&quot; setting in php.ini or use ini_set() in D:\xampp\htdocs\opencart\system\library\mail.php on line 164
2016-07-07 9:04:57 - PHP Warning:  mail(): Failed to connect to mailserver at &quot;localhost&quot; port 25, verify your &quot;SMTP&quot; and &quot;smtp_port&quot; setting in php.ini or use ini_set() in D:\xampp\htdocs\opencart\system\library\mail.php on line 164
2016-07-07 12:09:06 - PHP Warning:  mail(): Failed to connect to mailserver at &quot;localhost&quot; port 25, verify your &quot;SMTP&quot; and &quot;smtp_port&quot; setting in php.ini or use ini_set() in D:\xampp\htdocs\opencart\system\library\mail.php on line 164
2016-07-07 12:09:07 - PHP Warning:  mail(): Failed to connect to mailserver at &quot;localhost&quot; port 25, verify your &quot;SMTP&quot; and &quot;smtp_port&quot; setting in php.ini or use ini_set() in D:\xampp\htdocs\opencart\system\library\mail.php on line 164
2016-07-07 13:24:33 - PHP Notice:  Undefined variable: cart in D:\xampp\htdocs\opencart\catalog\view\theme\default\template\common\datesdecor.tpl on line 14
2016-07-07 13:27:19 - PHP Notice:  Undefined variable: cart in D:\xampp\htdocs\opencart\catalog\view\theme\default\template\common\datesdecor.tpl on line 14
2016-07-07 13:44:49 - PHP Notice:  Undefined variable: cart in D:\xampp\htdocs\opencart\catalog\view\theme\default\template\common\datesdecor.tpl on line 14
2016-07-07 13:57:59 - PHP Warning:  mail(): Failed to connect to mailserver at &quot;localhost&quot; port 25, verify your &quot;SMTP&quot; and &quot;smtp_port&quot; setting in php.ini or use ini_set() in D:\xampp\htdocs\opencart\system\library\mail.php on line 164
2016-07-07 13:58:00 - PHP Warning:  mail(): Failed to connect to mailserver at &quot;localhost&quot; port 25, verify your &quot;SMTP&quot; and &quot;smtp_port&quot; setting in php.ini or use ini_set() in D:\xampp\htdocs\opencart\system\library\mail.php on line 164
2016-07-08 7:17:32 - PHP Notice:  Undefined variable: cart in D:\xampp\htdocs\opencart\catalog\view\theme\default\template\common\datesdecor.tpl on line 14
2016-07-08 7:34:32 - PHP Notice:  Undefined index: sort_order in D:\xampp\htdocs\opencart\admin\model\design\banner.php on line 37
2016-07-08 7:34:32 - PHP Notice:  Undefined index: sort_order in D:\xampp\htdocs\opencart\admin\model\design\banner.php on line 37
2016-07-08 7:34:32 - PHP Notice:  Undefined index: sort_order in D:\xampp\htdocs\opencart\admin\model\design\banner.php on line 37
2016-07-08 7:34:32 - PHP Notice:  Undefined index: sort_order in D:\xampp\htdocs\opencart\admin\model\design\banner.php on line 37
2016-07-08 8:36:08 - PHP Notice:  Undefined variable: cart in D:\xampp\htdocs\opencart\catalog\view\theme\default\template\common\datesdecor.tpl on line 14
2016-07-08 8:38:57 - PHP Notice:  Undefined variable: cart in D:\xampp\htdocs\opencart\catalog\view\theme\default\template\common\datesdecor.tpl on line 14
2016-07-08 8:43:42 - PHP Notice:  Undefined variable: cart in D:\xampp\htdocs\opencart\catalog\view\theme\default\template\common\datesdecor.tpl on line 14
2016-07-08 10:39:26 - PHP Notice:  Undefined variable: cart in D:\xampp\htdocs\opencart\catalog\view\theme\default\template\common\datesdecor.tpl on line 14
2016-07-08 11:20:56 - PHP Notice:  Undefined variable: cart in D:\xampp\htdocs\opencart\catalog\view\theme\default\template\common\datesdecor.tpl on line 14
